<?xml version="1.0" encoding="UTF-8"?>
<!-- Generated by org.testng.reporters.JUnitReportReporter -->
<testsuite hostname="Bazinga" name="MobileAuto.Automation.Test1" tests="1" failures="0" timestamp="8 Feb 2017 20:49:14 GMT" time="7.678" errors="0">
  <testcase name="firstTap" time="7.678" classname="MobileAuto.Automation.Test1"/>
</testsuite> <!-- MobileAuto.Automation.Test1 -->
