<?xml version="1.0" encoding="UTF-8"?>
<!-- Generated by org.testng.reporters.JUnitReportReporter -->
<testsuite hostname="Bazinga" name="MobileAuto.Automation.Test1" tests="1" failures="0" timestamp="8 Feb 2017 19:23:48 GMT" time="193.815" errors="0">
  <testcase name="StartServerTest" time="193.815" classname="MobileAuto.Automation.Test1"/>
</testsuite> <!-- MobileAuto.Automation.Test1 -->
